Unable to capture context for thread 14044 in process 9184, can not generate back trace
Exception at PC 0x00007FFE8AFABB93
Printing stacktrace...

[0]  [0x00007FFE8AFABB93]
[1]  [0x00007FFE8AFABB93]
[2]  [0x00007FFE8AFAB4A1]
[3]  [0x00007FFE8AFAB3EF]
[4]  [0x00007FFE8AF919FE]
[5]  [0x00007FFE8AF90ED1]
[6]  [0x00007FFE8AF90D76]
[7]  [0x00007FFE8AF379F6]
[8]  [0x00007FFE8AF27AFB]
[9]  [0x00007FFE8B04E90A]
[10]  [0x00007FFE8B069F87]
[11]  [0x00007FFE8B06A05F]
[12] (BaseThreadInitThunk+0x14) [0x00007FFEFD878364]
[13] (RtlUserThreadStart+0x21) [0x00007FFEFD9E70D1]
Done
Exception at PC 0x00007FFE8ACB1A52
Attemped to write at address 0x00007FFEB887ABA4
Printing stacktrace...

[0]  [0x00007FFE8ACB1A52]
[1]  [0x00007FFE8ACB1A52]
[2]  [0x00007FFE8ACB1AD4]
[3]  [0x00007FFE8ADF3FF7]
[4]  [0x00007FFE8ACD9128]
[5]  [0x00007FFE8AF8DFB9]
[6]  [0x00007FFE8B15EF23]
[7]  [0x00007FFE8B06B06B]
[8]  [0x00007FFE8B0608AF]
[9]  [0x00007FFE8B060A32]
[10] (RtlDeactivateActivationContextUnsafeFast+0x1bf) [0x00007FFEFD9AA35F]
[11] (LdrShutdownProcess+0x14b) [0x00007FFEFD98806B]
[12] (RtlExitUserProcess+0xb4) [0x00007FFEFD987D94]
[13] (ExitProcess+0xa) [0x00007FFEFD88CE6A]
[14] (exit+0x85) [0x00007FFEFD3FA4A5]
[15] (initterm_e+0x231) [0x00007FFEFD3FAB01]
[16]  [0x00000000004014CD]
[17]  [0x000000000040151B]
[18] (BaseThreadInitThunk+0x14) [0x00007FFEFD878364]
[19] (RtlUserThreadStart+0x21) [0x00007FFEFD9E70D1]
Done
